
**** Build of configuration Debug for project lab2_problem3 ****

"C:\\ti\\ccsv6\\utils\\bin\\gmake" -k all 
'Building file: ../ISRs.c'
'Invoking: C6000 Compiler'
"C:/ti/ccsv6/tools/compiler/c6000_7.4.14/bin/cl6x" -mv6740 --abi=coffabi -g --include_path="C:/ti/ccsv6/tools/compiler/c6000_7.4.14/include" --display_error_number --diag_warning=225 --diag_wrap=off --preproc_with_compile --preproc_dependency="ISRs.pp"  "../ISRs.c"
'Finished building: ../ISRs.c'
' '
'Building file: ../LCDK_Support_DSP.c'
'Invoking: C6000 Compiler'
"C:/ti/ccsv6/tools/compiler/c6000_7.4.14/bin/cl6x" -mv6740 --abi=coffabi -g --include_path="C:/ti/ccsv6/tools/compiler/c6000_7.4.14/include" --display_error_number --diag_warning=225 --diag_wrap=off --preproc_with_compile --preproc_dependency="LCDK_Support_DSP.pp"  "../LCDK_Support_DSP.c"
'Finished building: ../LCDK_Support_DSP.c'
' '
'Building file: ../StartUp.c'
'Invoking: C6000 Compiler'
"C:/ti/ccsv6/tools/compiler/c6000_7.4.14/bin/cl6x" -mv6740 --abi=coffabi -g --include_path="C:/ti/ccsv6/tools/compiler/c6000_7.4.14/include" --display_error_number --diag_warning=225 --diag_wrap=off --preproc_with_compile --preproc_dependency="StartUp.pp"  "../StartUp.c"
'Finished building: ../StartUp.c'
' '
'Building file: ../main.c'
'Invoking: C6000 Compiler'
"C:/ti/ccsv6/tools/compiler/c6000_7.4.14/bin/cl6x" -mv6740 --abi=coffabi -g --include_path="C:/ti/ccsv6/tools/compiler/c6000_7.4.14/include" --display_error_number --diag_warning=225 --diag_wrap=off --preproc_with_compile --preproc_dependency="main.pp"  "../main.c"
"../main.c", line 28: warning #225-D: function declared implicitly
"../main.c", line 39: warning #225-D: function declared implicitly
'Finished building: ../main.c'
' '
'Building file: ../xcorr.asm'
'Invoking: C6000 Compiler'
"C:/ti/ccsv6/tools/compiler/c6000_7.4.14/bin/cl6x" -mv6740 --abi=coffabi -g --include_path="C:/ti/ccsv6/tools/compiler/c6000_7.4.14/include" --display_error_number --diag_warning=225 --diag_wrap=off --preproc_with_compile --preproc_dependency="xcorr.pp"  "../xcorr.asm"
'Finished building: ../xcorr.asm'
' '
'Building target: lab2_problem3.out'
'Invoking: C6000 Linker'
"C:/ti/ccsv6/tools/compiler/c6000_7.4.14/bin/cl6x" -mv6740 --abi=coffabi -g --display_error_number --diag_warning=225 --diag_wrap=off -z -m"lab2_problem3.map" -i"C:/ti/ccsv6/tools/compiler/c6000_7.4.14/lib" -i"C:/ti/ccsv6/tools/compiler/c6000_7.4.14/include" --reread_libs --warn_sections --display_error_number --diag_wrap=off --xml_link_info="lab2_problem3_linkInfo.xml" --rom_model -o "lab2_problem3.out" "./ISRs.obj" "./LCDK_Support_DSP.obj" "./StartUp.obj" "./main.obj" "./stack.obj" "./vectors.obj" "./xcorr.obj" "../link6748.cmd"  -l"libc.a" 
<Linking>
'Finished building target: lab2_problem3.out'
' '

**** Build Finished ****
